# JRE version: Java(TM) SE Runtime Environment (7.0_51-b13) (build 1.7.0_51-b13)
# Java VM: Java HotSpot(TM) 64-Bit Server VM (24.51-b03 mixed mode windows-amd64 compressed oops)
Heap
 PSYoungGen      total 80384K, used 72877K [0x00000000f5500000, 0x00000000fe080000, 0x0000000100000000)
  eden space 66048K, 89% used [0x00000000f5500000,0x00000000f8e75678,0x00000000f9580000)
  from space 14336K, 97% used [0x00000000f9580000,0x00000000fa336040,0x00000000fa380000)
  to   space 37888K, 0% used [0x00000000fbb80000,0x00000000fbb80000,0x00000000fe080000)
 ParOldGen       total 186880K, used 103640K [0x00000000e0000000, 0x00000000eb680000, 0x00000000f5500000)
  object space 186880K, 55% used [0x00000000e0000000,0x00000000e65360b0,0x00000000eb680000)
 PSPermGen       total 76288K, used 49854K [0x00000000dae00000, 0x00000000df880000, 0x00000000e0000000)
  object space 76288K, 65% used [0x00000000dae00000,0x00000000ddeaf880,0x00000000df880000)
GC Heap History (10 events):
Event: 348.294 GC heap before
{Heap before GC invocations=41 (full 4):
 PSYoungGen      total 110592K, used 72556K [0x00000000f5500000, 0x00000000ff580000, 0x0000000100000000)
  eden space 62976K, 100% used [0x00000000f5500000,0x00000000f9280000,0x00000000f9280000)
  from space 47616K, 20% used [0x00000000fc700000,0x00000000fd05b218,0x00000000ff580000)
  to   space 50688K, 0% used [0x00000000f9280000,0x00000000f9280000,0x00000000fc400000)
 ParOldGen       total 186880K, used 103640K [0x00000000e0000000, 0x00000000eb680000, 0x00000000f5500000)
  object space 186880K, 55% used [0x00000000e0000000,0x00000000e65360b0,0x00000000eb680000)
 PSPermGen       total 76288K, used 49206K [0x00000000dae00000, 0x00000000df880000, 0x00000000e0000000)
  object space 76288K, 64% used [0x00000000dae00000,0x00000000dde0db58,0x00000000df880000)
Event: 348.319 GC heap after
Heap after GC invocations=41 (full 4):
 PSYoungGen      total 73728K, used 10660K [0x00000000f5500000, 0x00000000ff200000, 0x0000000100000000)
  eden space 62976K, 0% used [0x00000000f5500000,0x00000000f5500000,0x00000000f9280000)
  from space 10752K, 99% used [0x00000000f9280000,0x00000000f9ce9200,0x00000000f9d00000)
  to   space 48128K, 0% used [0x00000000fc300000,0x00000000fc300000,0x00000000ff200000)
 ParOldGen       total 186880K, used 103640K [0x00000000e0000000, 0x00000000eb680000, 0x00000000f5500000)
  object space 186880K, 55% used [0x00000000e0000000,0x00000000e65360b0,0x00000000eb680000)
 PSPermGen       total 76288K, used 49206K [0x00000000dae00000, 0x00000000df880000, 0x00000000e0000000)
  object space 76288K, 64% used [0x00000000dae00000,0x00000000dde0db58,0x00000000df880000)
}
Event: 361.445 GC heap before
{Heap before GC invocations=42 (full 4):
 PSYoungGen      total 73728K, used 73636K [0x00000000f5500000, 0x00000000ff200000, 0x0000000100000000)
  eden space 62976K, 100% used [0x00000000f5500000,0x00000000f9280000,0x00000000f9280000)
  from space 10752K, 99% used [0x00000000f9280000,0x00000000f9ce9200,0x00000000f9d00000)
  to   space 48128K, 0% used [0x00000000fc300000,0x00000000fc300000,0x00000000ff200000)
 ParOldGen       total 186880K, used 103640K [0x00000000e0000000, 0x00000000eb680000, 0x00000000f5500000)
  object space 186880K, 55% used [0x00000000e0000000,0x00000000e65360b0,0x00000000eb680000)
 PSPermGen       total 76288K, used 49212K [0x00000000dae00000, 0x00000000df880000, 0x00000000e0000000)
  object space 76288K, 64% used [0x00000000dae00000,0x00000000dde0f098,0x00000000df880000)
Event: 361.474 GC heap after
Heap after GC invocations=42 (full 4):
 PSYoungGen      total 107520K, used 11604K [0x00000000f5500000, 0x00000000fed00000, 0x0000000100000000)
  eden space 64512K, 0% used [0x00000000f5500000,0x00000000f5500000,0x00000000f9400000)
  from space 43008K, 26% used [0x00000000fc300000,0x00000000fce551f0,0x00000000fed00000)
  to   space 45568K, 0% used [0x00000000f9400000,0x00000000f9400000,0x00000000fc080000)
 ParOldGen       total 186880K, used 103640K [0x00000000e0000000, 0x00000000eb680000, 0x00000000f5500000)
  object space 186880K, 55% used [0x00000000e0000000,0x00000000e65360b0,0x00000000eb680000)
 PSPermGen       total 76288K, used 49212K [0x00000000dae00000, 0x00000000df880000, 0x00000000e0000000)
  object space 76288K, 64% used [0x00000000dae00000,0x00000000dde0f098,0x00000000df880000)
}
Event: 372.946 GC heap before
{Heap before GC invocations=43 (full 4):
 PSYoungGen      total 107520K, used 76116K [0x00000000f5500000, 0x00000000fed00000, 0x0000000100000000)
  eden space 64512K, 100% used [0x00000000f5500000,0x00000000f9400000,0x00000000f9400000)
  from space 43008K, 26% used [0x00000000fc300000,0x00000000fce551f0,0x00000000fed00000)
  to   space 45568K, 0% used [0x00000000f9400000,0x00000000f9400000,0x00000000fc080000)
 ParOldGen       total 186880K, used 103640K [0x00000000e0000000, 0x00000000eb680000, 0x00000000f5500000)
  object space 186880K, 55% used [0x00000000e0000000,0x00000000e65360b0,0x00000000eb680000)
 PSPermGen       total 76288K, used 49217K [0x00000000dae00000, 0x00000000df880000, 0x00000000e0000000)
  object space 76288K, 64% used [0x00000000dae00000,0x00000000dde10610,0x00000000df880000)
Event: 372.975 GC heap after
Heap after GC invocations=43 (full 4):
 PSYoungGen      total 77312K, used 12356K [0x00000000f5500000, 0x00000000fe980000, 0x0000000100000000)
  eden space 64512K, 0% used [0x00000000f5500000,0x00000000f5500000,0x00000000f9400000)
  from space 12800K, 96% used [0x00000000f9400000,0x00000000fa0111f0,0x00000000fa080000)
  to   space 43008K, 0% used [0x00000000fbf80000,0x00000000fbf80000,0x00000000fe980000)
 ParOldGen       total 186880K, used 103640K [0x00000000e0000000, 0x00000000eb680000, 0x00000000f5500000)
  object space 186880K, 55% used [0x00000000e0000000,0x00000000e65360b0,0x00000000eb680000)
 PSPermGen       total 76288K, used 49217K [0x00000000dae00000, 0x00000000df880000, 0x00000000e0000000)
  object space 76288K, 64% used [0x00000000dae00000,0x00000000dde10610,0x00000000df880000)
}
Event: 387.493 GC heap before
{Heap before GC invocations=44 (full 4):
 PSYoungGen      total 77312K, used 76868K [0x00000000f5500000, 0x00000000fe980000, 0x0000000100000000)
  eden space 64512K, 100% used [0x00000000f5500000,0x00000000f9400000,0x00000000f9400000)
  from space 12800K, 96% used [0x00000000f9400000,0x00000000fa0111f0,0x00000000fa080000)
  to   space 43008K, 0% used [0x00000000fbf80000,0x00000000fbf80000,0x00000000fe980000)
 ParOldGen       total 186880K, used 103640K [0x00000000e0000000, 0x00000000eb680000, 0x00000000f5500000)
  object space 186880K, 55% used [0x00000000e0000000,0x00000000e65360b0,0x00000000eb680000)
 PSPermGen       total 76288K, used 49224K [0x00000000dae00000, 0x00000000df880000, 0x00000000e0000000)
  object space 76288K, 64% used [0x00000000dae00000,0x00000000dde12210,0x00000000df880000)
Event: 387.525 GC heap after
Heap after GC invocations=44 (full 4):
 PSYoungGen      total 103936K, used 13544K [0x00000000f5500000, 0x00000000fe480000, 0x0000000100000000)
  eden space 66048K, 0% used [0x00000000f5500000,0x00000000f5500000,0x00000000f9580000)
  from space 37888K, 35% used [0x00000000fbf80000,0x00000000fccba030,0x00000000fe480000)
  to   space 40448K, 0% used [0x00000000f9580000,0x00000000f9580000,0x00000000fbd00000)
 ParOldGen       total 186880K, used 103640K [0x00000000e0000000, 0x00000000eb680000, 0x00000000f5500000)
  object space 186880K, 55% used [0x00000000e0000000,0x00000000e65360b0,0x00000000eb680000)
 PSPermGen       total 76288K, used 49224K [0x00000000dae00000, 0x00000000df880000, 0x00000000e0000000)
  object space 76288K, 64% used [0x00000000dae00000,0x00000000dde12210,0x00000000df880000)
}
Event: 495.651 GC heap before
{Heap before GC invocations=45 (full 4):
 PSYoungGen      total 103936K, used 79592K [0x00000000f5500000, 0x00000000fe480000, 0x0000000100000000)
  eden space 66048K, 100% used [0x00000000f5500000,0x00000000f9580000,0x00000000f9580000)
  from space 37888K, 35% used [0x00000000fbf80000,0x00000000fccba030,0x00000000fe480000)
  to   space 40448K, 0% used [0x00000000f9580000,0x00000000f9580000,0x00000000fbd00000)
 ParOldGen       total 186880K, used 103640K [0x00000000e0000000, 0x00000000eb680000, 0x00000000f5500000)
  object space 186880K, 55% used [0x00000000e0000000,0x00000000e65360b0,0x00000000eb680000)
 PSPermGen       total 76288K, used 49240K [0x00000000dae00000, 0x00000000df880000, 0x00000000e0000000)
  object space 76288K, 64% used [0x00000000dae00000,0x00000000dde16260,0x00000000df880000)
Event: 495.679 GC heap after
Heap after GC invocations=45 (full 4):
 PSYoungGen      total 80384K, used 14040K [0x00000000f5500000, 0x00000000fe080000, 0x0000000100000000)
  eden space 66048K, 0% used [0x00000000f5500000,0x00000000f5500000,0x00000000f9580000)
  from space 14336K, 97% used [0x00000000f9580000,0x00000000fa336040,0x00000000fa380000)
  to   space 37888K, 0% used [0x00000000fbb80000,0x00000000fbb80000,0x00000000fe080000)
 ParOldGen       total 186880K, used 103640K [0x00000000e0000000, 0x00000000eb680000, 0x00000000f5500000)
  object space 186880K, 55% used [0x00000000e0000000,0x00000000e65360b0,0x00000000eb680000)
 PSPermGen       total 76288K, used 49240K [0x00000000dae00000, 0x00000000df880000, 0x00000000e0000000)
  object space 76288K, 64% used [0x00000000dae00000,0x00000000dde16260,0x00000000df880000)
}

